
========== BEGIN REQUEST/RESPONSE ==========
error ID: 40002
Request Method Name: GetAvailablePlansOTAWithRidersResponse
Response Status: 0
Timestamp: 2024-06-03 13:01:19
----------BEGIN REQUEST ----------
process_GetAvailablePlansOTAWithRidersResponse
----------END REQUEST ----------
----------BEGIN RESPONSE ----------
Invalid currency code. Please use local currency, which is either the departure or arrival country's currency.
----------END RESPONSE ----------
========== END REQUEST/RESPONSE ==========

========== BEGIN REQUEST/RESPONSE ==========
error ID: 978018
Request Method Name: GetAvailablePlansOTAWithRiders
Response Status: 0
Timestamp: 2024-06-03 13:03:15
----------BEGIN REQUEST ----------
<soapenv:Envelope xmlns:soapenv="http://schemas.xmlsoap.org/soap/envelope/" xmlns:web="http://ZEUSTravelInsuranceGateway/WebServices">
            <soapenv:Header/>
            <soapenv:Body>
                <GetAvailablePlansOTAWithRiders xmlns="http://ZEUSTravelInsuranceGateway/WebServices">
                <GenericRequestOTALite><Authentication>
                    <Username>Travel_Free_Travels</Username>
                    <Password>7qPiDYANEcMJ</Password>
                 </Authentication><Header>
            <Channel>IBE_TFTNP</Channel>
            <Currency>NPR</Currency>
            <CountryCode>EN</CountryCode>
            <CultureCode>EN</CultureCode>
            <TotalAdults>1</TotalAdults>
            <TotalChild>0</TotalChild>
            <TotalInfants>0 </TotalInfants>
         </Header><flights>
                <Flight>
                <DepartCountryCode>NP</DepartCountryCode>
                <DepartStationCode></DepartStationCode>
                <ArrivalCountryCode>IN</ArrivalCountryCode>
                <ArrivalStationCode></ArrivalStationCode>
                <DepartAirlineCode>RA</DepartAirlineCode>
                <DepartDateTime>2024-06-28 13:25:00</DepartDateTime>
                <ReturnAirlineCode></ReturnAirlineCode>
                <ReturnDateTime></ReturnDateTime>
                <DepartFlightNo>217</DepartFlightNo>
                <ReturnFlightNo></ReturnFlightNo>
             </Flight></Flights></GenericRequestOTALite>
            </GetAvailablePlansOTAWithRiders>
            </soapenv:Body>
            </soapenv:Envelope>
----------END REQUEST ----------
----------BEGIN RESPONSE ----------
Request failed: HTTP status code: 400
----------END RESPONSE ----------
========== END REQUEST/RESPONSE ==========

========== BEGIN REQUEST/RESPONSE ==========
error ID: 978018
Request Method Name: GetAvailablePlansOTAWithRiders
Response Status: 0
Timestamp: 2024-06-03 13:07:28
----------BEGIN REQUEST ----------
<soapenv:Envelope xmlns:soapenv="http://schemas.xmlsoap.org/soap/envelope/" xmlns:web="http://ZEUSTravelInsuranceGateway/WebServices">
            <soapenv:Header/>asd
            <soapenv:Body>
                <GetAvailablePlansOTAWithRiders xmlns="http://ZEUSTravelInsuranceGateway/WebServices">
                <GenericRequestOTALite><Authentication>
                    <Username>Travel_Free_Travels</Username>
                    <Password>7qPiDYANEcMJ</Password>
                 </Authentication><Header>
            <Channel>IBE_TFTNP</Channel>
            <Currency>NPR</Currency>
            <CountryCode>EN</CountryCode>
            <CultureCode>EN</CultureCode>
            <TotalAdults>1</TotalAdults>
            <TotalChild>0</TotalChild>
            <TotalInfants>0 </TotalInfants>
         </Header><flights>
                <DepartCountryCode>NP</DepartCountryCode>
                <DepartStationCode></DepartStationCode>
                <ArrivalCountryCode>IN</ArrivalCountryCode>
                <ArrivalStationCode></ArrivalStationCode>
                <DepartAirlineCode>RA</DepartAirlineCode>
                <DepartDateTime>2024-06-28 13:25:00</DepartDateTime>
                <ReturnAirlineCode></ReturnAirlineCode>
                <ReturnDateTime></ReturnDateTime>
                <DepartFlightNo>217</DepartFlightNo>
                <ReturnFlightNo></ReturnFlightNo></Flights></GenericRequestOTALite>
            </GetAvailablePlansOTAWithRiders>
            </soapenv:Body>
            </soapenv:Envelope>
----------END REQUEST ----------
----------BEGIN RESPONSE ----------
Request failed: HTTP status code: 400
----------END RESPONSE ----------
========== END REQUEST/RESPONSE ==========
